In file included from /home/runner/work/pgi-2025-the_energetic_sonnets/pgi-2025-the_energetic_sonnets/src/features.c:4:
/home/runner/work/pgi-2025-the_energetic_sonnets/pgi-2025-the_energetic_sonnets/src/features.h:16:6: error: conflicting types for ‘read_image_data’; have ‘void(char *, unsigned char **, int *, int *, int *)’
   16 | void read_image_data(char *filename, unsigned char **data, int *width, int *height, int *channel_count);
      |      ^~~~~~~~~~~~~~~
In file included from /home/runner/work/pgi-2025-the_energetic_sonnets/pgi-2025-the_energetic_sonnets/src/features.c:1:
/home/runner/work/pgi-2025-the_energetic_sonnets/lib/estia_image/include/estia-image.h:13:5: note: previous declaration of ‘read_image_data’ with type ‘int(const char *, unsigned char **, int *, int *, int *)’
   13 | int read_image_data(const char *filename, unsigned char **data, int *width, int *height, int *channel_count);
      |     ^~~~~~~~~~~~~~~
/home/runner/work/pgi-2025-the_energetic_sonnets/pgi-2025-the_energetic_sonnets/src/features.h:18:6: error: conflicting types for ‘write_image_data’; have ‘void(char *, unsigned char *, int,  int)’
   18 | void write_image_data(char *filename, unsigned char *data, int width, int height);
      |      ^~~~~~~~~~~~~~~~
/home/runner/work/pgi-2025-the_energetic_sonnets/lib/estia_image/include/estia-image.h:23:5: note: previous declaration of ‘write_image_data’ with type ‘int(const char *, unsigned char *, int,  int)’
   23 | int write_image_data(const char *filename, unsigned char *data, int width, int height);
      |     ^~~~~~~~~~~~~~~~
/home/runner/work/pgi-2025-the_energetic_sonnets/pgi-2025-the_energetic_sonnets/src/features.h:24:6: error: conflicting types for ‘read_image_data’; have ‘void(char *, unsigned char **, int *, int *, int *)’
   24 | void read_image_data(char* filename, unsigned char** data, int* width, int* height, int* channel_count);
      |      ^~~~~~~~~~~~~~~
/home/runner/work/pgi-2025-the_energetic_sonnets/lib/estia_image/include/estia-image.h:13:5: note: previous declaration of ‘read_image_data’ with type ‘int(const char *, unsigned char **, int *, int *, int *)’
   13 | int read_image_data(const char *filename, unsigned char **data, int *width, int *height, int *channel_count);
      |     ^~~~~~~~~~~~~~~
/home/runner/work/pgi-2025-the_energetic_sonnets/pgi-2025-the_energetic_sonnets/src/features.h:26:6: error: conflicting types for ‘write_image_data’; have ‘void(char *, unsigned char *, int,  int)’
   26 | void write_image_data(char* filename, unsigned char* data, int width, int height);
      |      ^~~~~~~~~~~~~~~~
/home/runner/work/pgi-2025-the_energetic_sonnets/lib/estia_image/include/estia-image.h:23:5: note: previous declaration of ‘write_image_data’ with type ‘int(const char *, unsigned char *, int,  int)’
   23 | int write_image_data(const char *filename, unsigned char *data, int width, int height);
      |     ^~~~~~~~~~~~~~~~
/home/runner/work/pgi-2025-the_energetic_sonnets/pgi-2025-the_energetic_sonnets/src/features.c: In function ‘dimension’:
/home/runner/work/pgi-2025-the_energetic_sonnets/pgi-2025-the_energetic_sonnets/src/features.c:21:9: error: void value not ignored as it ought to be
   21 |     if (read_image_data(filename, &data, &width, &height, &channel_count) == 0) {
      |         ^~~~~~~~~~~~~~~~~~~~~~~~~~~~~~~~~~~~~~~~~~~~~~~~~~~~~~~~~~~~~~~~~
/home/runner/work/pgi-2025-the_energetic_sonnets/pgi-2025-the_energetic_sonnets/src/features.c: In function ‘first_pixel’:
/home/runner/work/pgi-2025-the_energetic_sonnets/pgi-2025-the_energetic_sonnets/src/features.c:32:9: error: void value not ignored as it ought to be
   32 |     if (read_image_data(filename, &data, &width, &height, &channel_count) == 0) {
      |         ^~~~~~~~~~~~~~~~~~~~~~~~~~~~~~~~~~~~~~~~~~~~~~~~~~~~~~~~~~~~~~~~~
/home/runner/work/pgi-2025-the_energetic_sonnets/pgi-2025-the_energetic_sonnets/src/features.c: In function ‘tenth_pixel’:
/home/runner/work/pgi-2025-the_energetic_sonnets/pgi-2025-the_energetic_sonnets/src/features.c:45:9: error: void value not ignored as it ought to be
   45 |     if (read_image_data(filename, &data, &width, &height, &channel_count) == 0) {
      |         ^~~~~~~~~~~~~~~~~~~~~~~~~~~~~~~~~~~~~~~~~~~~~~~~~~~~~~~~~~~~~~~~~
/home/runner/work/pgi-2025-the_energetic_sonnets/pgi-2025-the_energetic_sonnets/src/features.c: In function ‘color_desaturate’:
/home/runner/work/pgi-2025-the_energetic_sonnets/pgi-2025-the_energetic_sonnets/src/features.c:59:48: warning: implicit declaration of function ‘malloc’ [-Wimplicit-function-declaration]
   59 |     unsigned char *new_data = (unsigned char *)malloc(width * height * channel_count * sizeof(unsigned char));
      |                                                ^~~~~~
/home/runner/work/pgi-2025-the_energetic_sonnets/pgi-2025-the_energetic_sonnets/src/features.c:6:1: note: include ‘<stdlib.h>’ or provide a declaration of ‘malloc’
    5 | #include "utils.h"
  +++ |+#include <stdlib.h>
    6 | 
/home/runner/work/pgi-2025-the_energetic_sonnets/pgi-2025-the_energetic_sonnets/src/features.c:59:48: warning: incompatible implicit declaration of built-in function ‘malloc’ [-Wbuiltin-declaration-mismatch]
   59 |     unsigned char *new_data = (unsigned char *)malloc(width * height * channel_count * sizeof(unsigned char));
      |                                                ^~~~~~
/home/runner/work/pgi-2025-the_energetic_sonnets/pgi-2025-the_energetic_sonnets/src/features.c:59:48: note: include ‘<stdlib.h>’ or provide a declaration of ‘malloc’
/home/runner/work/pgi-2025-the_energetic_sonnets/pgi-2025-the_energetic_sonnets/src/features.c:68:18: error: ‘pixelRGB’ {aka ‘struct _pixelRGB’} has no member named ‘G’
   68 |         if (pixel->G < min_value) {
      |                  ^~
/home/runner/work/pgi-2025-the_energetic_sonnets/pgi-2025-the_energetic_sonnets/src/features.c:69:30: error: ‘pixelRGB’ {aka ‘struct _pixelRGB’} has no member named ‘G’
   69 |             min_value = pixel->G;
      |                              ^~
/home/runner/work/pgi-2025-the_energetic_sonnets/pgi-2025-the_energetic_sonnets/src/features.c:71:18: error: ‘pixelRGB’ {aka ‘struct _pixelRGB’} has no member named ‘B’
   71 |         if (pixel->B < min_value) {
      |                  ^~
/home/runner/work/pgi-2025-the_energetic_sonnets/pgi-2025-the_energetic_sonnets/src/features.c:72:30: error: ‘pixelRGB’ {aka ‘struct _pixelRGB’} has no member named ‘B’
   72 |             min_value = pixel->B;
      |                              ^~
/home/runner/work/pgi-2025-the_energetic_sonnets/pgi-2025-the_energetic_sonnets/src/features.c:75:18: error: ‘pixelRGB’ {aka ‘struct _pixelRGB’} has no member named ‘G’
   75 |         if (pixel->G > max_value) {
      |                  ^~
/home/runner/work/pgi-2025-the_energetic_sonnets/pgi-2025-the_energetic_sonnets/src/features.c:76:30: error: ‘pixelRGB’ {aka ‘struct _pixelRGB’} has no member named ‘G’
   76 |             max_value = pixel->G;
      |                              ^~
/home/runner/work/pgi-2025-the_energetic_sonnets/pgi-2025-the_energetic_sonnets/src/features.c:78:18: error: ‘pixelRGB’ {aka ‘struct _pixelRGB’} has no member named ‘B’
   78 |         if (pixel->B > max_value) {
      |                  ^~
/home/runner/work/pgi-2025-the_energetic_sonnets/pgi-2025-the_energetic_sonnets/src/features.c:79:30: error: ‘pixelRGB’ {aka ‘struct _pixelRGB’} has no member named ‘B’
   79 |             max_value = pixel->B;
      |                              ^~
/home/runner/work/pgi-2025-the_energetic_sonnets/pgi-2025-the_energetic_sonnets/src/features.c: In function ‘color_gray_luminance’:
/home/runner/work/pgi-2025-the_energetic_sonnets/pgi-2025-the_energetic_sonnets/src/features.c:113:5: warning: implicit declaration of function ‘free’ [-Wimplicit-function-declaration]
  113 |     free(data);
      |     ^~~~
/home/runner/work/pgi-2025-the_energetic_sonnets/pgi-2025-the_energetic_sonnets/src/features.c:113:5: note: include ‘<stdlib.h>’ or provide a declaration of ‘free’
/home/runner/work/pgi-2025-the_energetic_sonnets/pgi-2025-the_energetic_sonnets/src/features.c:113:5: warning: incompatible implicit declaration of built-in function ‘free’ [-Wbuiltin-declaration-mismatch]
/home/runner/work/pgi-2025-the_energetic_sonnets/pgi-2025-the_energetic_sonnets/src/features.c:113:5: note: include ‘<stdlib.h>’ or provide a declaration of ‘free’
gmake[2]: *** [CMakeFiles/freud.dir/build.make:93: CMakeFiles/freud.dir/src/features.c.o] Error 1
gmake[2]: *** Waiting for unfinished jobs....
In file included from /home/runner/work/pgi-2025-the_energetic_sonnets/pgi-2025-the_energetic_sonnets/src/main.c:9:
/home/runner/work/pgi-2025-the_energetic_sonnets/pgi-2025-the_energetic_sonnets/src/features.h:16:6: error: conflicting types for ‘read_image_data’; have ‘void(char *, unsigned char **, int *, int *, int *)’
   16 | void read_image_data(char *filename, unsigned char **data, int *width, int *height, int *channel_count);
      |      ^~~~~~~~~~~~~~~
In file included from /home/runner/work/pgi-2025-the_energetic_sonnets/pgi-2025-the_energetic_sonnets/src/main.c:6:
/home/runner/work/pgi-2025-the_energetic_sonnets/lib/estia_image/include/estia-image.h:13:5: note: previous declaration of ‘read_image_data’ with type ‘int(const char *, unsigned char **, int *, int *, int *)’
   13 | int read_image_data(const char *filename, unsigned char **data, int *width, int *height, int *channel_count);
      |     ^~~~~~~~~~~~~~~
/home/runner/work/pgi-2025-the_energetic_sonnets/pgi-2025-the_energetic_sonnets/src/features.h:18:6: error: conflicting types for ‘write_image_data’; have ‘void(char *, unsigned char *, int,  int)’
   18 | void write_image_data(char *filename, unsigned char *data, int width, int height);
      |      ^~~~~~~~~~~~~~~~
/home/runner/work/pgi-2025-the_energetic_sonnets/lib/estia_image/include/estia-image.h:23:5: note: previous declaration of ‘write_image_data’ with type ‘int(const char *, unsigned char *, int,  int)’
   23 | int write_image_data(const char *filename, unsigned char *data, int width, int height);
      |     ^~~~~~~~~~~~~~~~
/home/runner/work/pgi-2025-the_energetic_sonnets/pgi-2025-the_energetic_sonnets/src/features.h:24:6: error: conflicting types for ‘read_image_data’; have ‘void(char *, unsigned char **, int *, int *, int *)’
   24 | void read_image_data(char* filename, unsigned char** data, int* width, int* height, int* channel_count);
      |      ^~~~~~~~~~~~~~~
/home/runner/work/pgi-2025-the_energetic_sonnets/lib/estia_image/include/estia-image.h:13:5: note: previous declaration of ‘read_image_data’ with type ‘int(const char *, unsigned char **, int *, int *, int *)’
   13 | int read_image_data(const char *filename, unsigned char **data, int *width, int *height, int *channel_count);
      |     ^~~~~~~~~~~~~~~
/home/runner/work/pgi-2025-the_energetic_sonnets/pgi-2025-the_energetic_sonnets/src/features.h:26:6: error: conflicting types for ‘write_image_data’; have ‘void(char *, unsigned char *, int,  int)’
   26 | void write_image_data(char* filename, unsigned char* data, int width, int height);
      |      ^~~~~~~~~~~~~~~~
/home/runner/work/pgi-2025-the_energetic_sonnets/lib/estia_image/include/estia-image.h:23:5: note: previous declaration of ‘write_image_data’ with type ‘int(const char *, unsigned char *, int,  int)’
   23 | int write_image_data(const char *filename, unsigned char *data, int width, int height);
      |     ^~~~~~~~~~~~~~~~
/home/runner/work/pgi-2025-the_energetic_sonnets/pgi-2025-the_energetic_sonnets/src/main.c: In function ‘main’:
/home/runner/work/pgi-2025-the_energetic_sonnets/pgi-2025-the_energetic_sonnets/src/main.c:52:5: error: redefinition of ‘main’
   52 | int main() {
      |     ^~~~
/home/runner/work/pgi-2025-the_energetic_sonnets/pgi-2025-the_energetic_sonnets/src/main.c:46:5: note: previous definition of ‘main’ with type ‘int()’
   46 | int main() {
      |     ^~~~
/home/runner/work/pgi-2025-the_energetic_sonnets/pgi-2025-the_energetic_sonnets/src/main.c:56:1: error: expected declaration or statement at end of input
   56 | }
      | ^
gmake[2]: *** [CMakeFiles/freud.dir/build.make:107: CMakeFiles/freud.dir/src/main.c.o] Error 1
gmake[1]: *** [CMakeFiles/Makefile2:87: CMakeFiles/freud.dir/all] Error 2
gmake: *** [Makefile:136: all] Error 2

The process '/usr/local/bin/cmake' failed with exit code 2